Состояние 40 конфликты: 2 сдвига/вывода


Грамматика

    0 $accept: input $end

    1 input: defn
    2      | defn input

    3 defn: GLOBAL stmt
    4     | IDENT '(' args0N ')' '{' stmt0N '}'

    5 lval: IDENT index0N

    6 call: IDENT '(' expr0N ')'

    7 init: chng

    8 chng: call
    9     | lval '=' expr
   10     | lval CHANGE expr
   11     | INC lval
   12     | DEC lval
   13     | lval INC
   14     | lval DEC

   15 stmt: '{' stmt0N '}'
   16     | init
   17     | lval call
   18     | RETURN
   19     | RETURN expr
   20     | BREAK
   21     | CONTINUE
   22     | IF '(' expr ')' stmt
   23     | IF '(' expr ')' stmt ELSE stmt
   24     | WHILE '(' expr ')' stmt
   25     | DO stmt WHILE '(' expr ')'
   26     | FOR '(' init0N ';' expr ';' init0N ')' stmt
   27     | FOR '(' init0N ';' ';' init0N ')' stmt

   28 expr: '(' expr ')'
   29     | chng
   30     | NUMBER
   31     | lval
   32     | expr '?' expr ':' expr
   33     | expr OR expr
   34     | expr AND expr
   35     | expr '|' expr
   36     | expr '^' expr
   37     | expr '&' expr
   38     | expr EQ expr
   39     | expr NE expr
   40     | expr '<' expr
   41     | expr LE expr
   42     | expr '>' expr
   43     | expr GE expr
   44     | expr SHL expr
   45     | expr SHR expr
   46     | expr '+' expr
   47     | expr '-' expr
   48     | expr '*' expr
   49     | expr '/' expr
   50     | expr '%' expr
   51     | '-' expr
   52     | '!' expr
   53     | '~' expr

   54 expr1N: expr
   55       | expr ',' expr1N

   56 expr0N: expr1N
   57       | /* пусто */

   58 index0N: /* пусто */
   59        | '[' expr ']' index0N

   60 args: IDENT

   61 args1N: args
   62       | args ',' args1N

   63 args0N: args1N
   64       | /* пусто */

   65 init1N: init
   66       | init ',' init1N

   67 init0N: init1N
   68       | /* пусто */

   69 stmt0N: /* пусто */
   70       | stmt stmt0N


Терминальные символы с правилами, в которых они появляются

$end (0) 0
'!' (33) 52
'%' (37) 50
'&' (38) 37
'(' (40) 4 6 22 23 24 25 26 27 28
')' (41) 4 6 22 23 24 25 26 27 28
'*' (42) 48
'+' (43) 46
',' (44) 55 62 66
'-' (45) 47 51
'/' (47) 49
':' (58) 32
';' (59) 26 27
'<' (60) 40
'=' (61) 9
'>' (62) 42
'?' (63) 32
'[' (91) 59
']' (93) 59
'^' (94) 36
'{' (123) 4 15
'|' (124) 35
'}' (125) 4 15
'~' (126) 53
error (256)
NUMBER (258) 30
IDENT (259) 4 5 6 60
IF (260) 22 23
ELSE (261) 23
DO (262) 25
WHILE (263) 24 25
FOR (264) 26 27
RETURN (265) 18 19
BREAK (266) 20
CONTINUE (267) 21
GLOBAL (268) 3
CHANGE (269) 10
OR (270) 33
AND (271) 34
NE (272) 39
EQ (273) 38
GE (274) 43
LE (275) 41
SHR (276) 45
SHL (277) 44
NEG (278)
DEC (279) 12 14
INC (280) 11 13
POSTFIX (281)


Нетерминальные символы с правилами, в которых они появляются

$accept (50)
    налево: 0
input (51)
    налево: 1 2, направо: 0 2
defn (52)
    налево: 3 4, направо: 1 2
lval (53)
    налево: 5, направо: 9 10 11 12 13 14 17 31
call (54)
    налево: 6, направо: 8 17
init (55)
    налево: 7, направо: 16 65 66
chng (56)
    налево: 8 9 10 11 12 13 14, направо: 7 29
stmt (57)
    налево: 15 16 17 18 19 20 21 22 23 24 25 26 27, направо: 3 22 23
    24 25 26 27 70
expr (58)
    налево: 28 29 30 31 32 33 34 35 36 37 38 39 40 41 42 43 44 45 46
    47 48 49 50 51 52 53, направо: 9 10 19 22 23 24 25 26 28 32 33
    34 35 36 37 38 39 40 41 42 43 44 45 46 47 48 49 50 51 52 53 54
    55 59
expr1N (59)
    налево: 54 55, направо: 55 56
expr0N (60)
    налево: 56 57, направо: 6
index0N (61)
    налево: 58 59, направо: 5 59
args (62)
    налево: 60, направо: 61 62
args1N (63)
    налево: 61 62, направо: 62 63
args0N (64)
    налево: 63 64, направо: 4
init1N (65)
    налево: 65 66, направо: 66 67
init0N (66)
    налево: 67 68, направо: 26 27
stmt0N (67)
    налево: 69 70, направо: 4 15 70


состояние 0

    0 $accept: . input $end

    IDENT   сдвиг, и переход в состояние 1
    GLOBAL  сдвиг, и переход в состояние 2

    input  переход в состояние 3
    defn   переход в состояние 4


состояние 1

    4 defn: IDENT . '(' args0N ')' '{' stmt0N '}'

    '('  сдвиг, и переход в состояние 5


состояние 2

    3 defn: GLOBAL . stmt

    IDENT     сдвиг, и переход в состояние 6
    IF        сдвиг, и переход в состояние 7
    DO        сдвиг, и переход в состояние 8
    WHILE     сдвиг, и переход в состояние 9
    FOR       сдвиг, и переход в состояние 10
    RETURN    сдвиг, и переход в состояние 11
    BREAK     сдвиг, и переход в состояние 12
    CONTINUE  сдвиг, и переход в состояние 13
    DEC       сдвиг, и переход в состояние 14
    INC       сдвиг, и переход в состояние 15
    '{'       сдвиг, и переход в состояние 16

    lval  переход в состояние 17
    call  переход в состояние 18
    init  переход в состояние 19
    chng  переход в состояние 20
    stmt  переход в состояние 21


состояние 3

    0 $accept: input . $end

    $end  сдвиг, и переход в состояние 22


состояние 4

    1 input: defn .
    2      | defn . input

    IDENT   сдвиг, и переход в состояние 1
    GLOBAL  сдвиг, и переход в состояние 2

    $default  вывод с использованием правила 1 (input)

    input  переход в состояние 23
    defn   переход в состояние 4


состояние 5

    4 defn: IDENT '(' . args0N ')' '{' stmt0N '}'

    IDENT  сдвиг, и переход в состояние 24

    $default  вывод с использованием правила 64 (args0N)

    args    переход в состояние 25
    args1N  переход в состояние 26
    args0N  переход в состояние 27


состояние 6

    5 lval: IDENT . index0N
    6 call: IDENT . '(' expr0N ')'

    '('  сдвиг, и переход в состояние 28
    '['  сдвиг, и переход в состояние 29

    $default  вывод с использованием правила 58 (index0N)

    index0N  переход в состояние 30


состояние 7

   22 stmt: IF . '(' expr ')' stmt
   23     | IF . '(' expr ')' stmt ELSE stmt

    '('  сдвиг, и переход в состояние 31


состояние 8

   25 stmt: DO . stmt WHILE '(' expr ')'

    IDENT     сдвиг, и переход в состояние 6
    IF        сдвиг, и переход в состояние 7
    DO        сдвиг, и переход в состояние 8
    WHILE     сдвиг, и переход в состояние 9
    FOR       сдвиг, и переход в состояние 10
    RETURN    сдвиг, и переход в состояние 11
    BREAK     сдвиг, и переход в состояние 12
    CONTINUE  сдвиг, и переход в состояние 13
    DEC       сдвиг, и переход в состояние 14
    INC       сдвиг, и переход в состояние 15
    '{'       сдвиг, и переход в состояние 16

    lval  переход в состояние 17
    call  переход в состояние 18
    init  переход в состояние 19
    chng  переход в состояние 20
    stmt  переход в состояние 32


состояние 9

   24 stmt: WHILE . '(' expr ')' stmt

    '('  сдвиг, и переход в состояние 33


состояние 10

   26 stmt: FOR . '(' init0N ';' expr ';' init0N ')' stmt
   27     | FOR . '(' init0N ';' ';' init0N ')' stmt

    '('  сдвиг, и переход в состояние 34


состояние 11

   18 stmt: RETURN .
   19     | RETURN . expr

    NUMBER  сдвиг, и переход в состояние 35
    IDENT   сдвиг, и переход в состояние 6
    '-'     сдвиг, и переход в состояние 36
    '!'     сдвиг, и переход в состояние 37
    '~'     сдвиг, и переход в состояние 38
    DEC     сдвиг, и переход в состояние 14
    INC     сдвиг, и переход в состояние 15
    '('     сдвиг, и переход в состояние 39

    $default  вывод с использованием правила 18 (stmt)

    lval  переход в состояние 40
    call  переход в состояние 18
    chng  переход в состояние 41
    expr  переход в состояние 42


состояние 12

   20 stmt: BREAK .

    $default  вывод с использованием правила 20 (stmt)


состояние 13

   21 stmt: CONTINUE .

    $default  вывод с использованием правила 21 (stmt)


состояние 14

   12 chng: DEC . lval

    IDENT  сдвиг, и переход в состояние 43

    lval  переход в состояние 44


состояние 15

   11 chng: INC . lval

    IDENT  сдвиг, и переход в состояние 43

    lval  переход в состояние 45


состояние 16

   15 stmt: '{' . stmt0N '}'

    IDENT     сдвиг, и переход в состояние 6
    IF        сдвиг, и переход в состояние 7
    DO        сдвиг, и переход в состояние 8
    WHILE     сдвиг, и переход в состояние 9
    FOR       сдвиг, и переход в состояние 10
    RETURN    сдвиг, и переход в состояние 11
    BREAK     сдвиг, и переход в состояние 12
    CONTINUE  сдвиг, и переход в состояние 13
    DEC       сдвиг, и переход в состояние 14
    INC       сдвиг, и переход в состояние 15
    '{'       сдвиг, и переход в состояние 16

    $default  вывод с использованием правила 69 (stmt0N)

    lval    переход в состояние 17
    call    переход в состояние 18
    init    переход в состояние 19
    chng    переход в состояние 20
    stmt    переход в состояние 46
    stmt0N  переход в состояние 47


состояние 17

    9 chng: lval . '=' expr
   10     | lval . CHANGE expr
   13     | lval . INC
   14     | lval . DEC
   17 stmt: lval . call

    IDENT   сдвиг, и переход в состояние 48
    '='     сдвиг, и переход в состояние 49
    CHANGE  сдвиг, и переход в состояние 50
    DEC     сдвиг, и переход в состояние 51
    INC     сдвиг, и переход в состояние 52

    call  переход в состояние 53


состояние 18

    8 chng: call .

    $default  вывод с использованием правила 8 (chng)


состояние 19

   16 stmt: init .

    $default  вывод с использованием правила 16 (stmt)


состояние 20

    7 init: chng .

    $default  вывод с использованием правила 7 (init)


состояние 21

    3 defn: GLOBAL stmt .

    $default  вывод с использованием правила 3 (defn)


состояние 22

    0 $accept: input $end .

    $default  accept


состояние 23

    2 input: defn input .

    $default  вывод с использованием правила 2 (input)


состояние 24

   60 args: IDENT .

    $default  вывод с использованием правила 60 (args)


состояние 25

   61 args1N: args .
   62       | args . ',' args1N

    ','  сдвиг, и переход в состояние 54

    $default  вывод с использованием правила 61 (args1N)


состояние 26

   63 args0N: args1N .

    $default  вывод с использованием правила 63 (args0N)


состояние 27

    4 defn: IDENT '(' args0N . ')' '{' stmt0N '}'

    ')'  сдвиг, и переход в состояние 55


состояние 28

    6 call: IDENT '(' . expr0N ')'

    NUMBER  сдвиг, и переход в состояние 35
    IDENT   сдвиг, и переход в состояние 6
    '-'     сдвиг, и переход в состояние 36
    '!'     сдвиг, и переход в состояние 37
    '~'     сдвиг, и переход в состояние 38
    DEC     сдвиг, и переход в состояние 14
    INC     сдвиг, и переход в состояние 15
    '('     сдвиг, и переход в состояние 39

    $default  вывод с использованием правила 57 (expr0N)

    lval    переход в состояние 40
    call    переход в состояние 18
    chng    переход в состояние 41
    expr    переход в состояние 56
    expr1N  переход в состояние 57
    expr0N  переход в состояние 58


состояние 29

   59 index0N: '[' . expr ']' index0N

    NUMBER  сдвиг, и переход в состояние 35
    IDENT   сдвиг, и переход в состояние 6
    '-'     сдвиг, и переход в состояние 36
    '!'     сдвиг, и переход в состояние 37
    '~'     сдвиг, и переход в состояние 38
    DEC     сдвиг, и переход в состояние 14
    INC     сдвиг, и переход в состояние 15
    '('     сдвиг, и переход в состояние 39

    lval  переход в состояние 40
    call  переход в состояние 18
    chng  переход в состояние 41
    expr  переход в состояние 59


состояние 30

    5 lval: IDENT index0N .

    $default  вывод с использованием правила 5 (lval)


состояние 31

   22 stmt: IF '(' . expr ')' stmt
   23     | IF '(' . expr ')' stmt ELSE stmt

    NUMBER  сдвиг, и переход в состояние 35
    IDENT   сдвиг, и переход в состояние 6
    '-'     сдвиг, и переход в состояние 36
    '!'     сдвиг, и переход в состояние 37
    '~'     сдвиг, и переход в состояние 38
    DEC     сдвиг, и переход в состояние 14
    INC     сдвиг, и переход в состояние 15
    '('     сдвиг, и переход в состояние 39

    lval  переход в состояние 40
    call  переход в состояние 18
    chng  переход в состояние 41
    expr  переход в состояние 60


состояние 32

   25 stmt: DO stmt . WHILE '(' expr ')'

    WHILE  сдвиг, и переход в состояние 61


состояние 33

   24 stmt: WHILE '(' . expr ')' stmt

    NUMBER  сдвиг, и переход в состояние 35
    IDENT   сдвиг, и переход в состояние 6
    '-'     сдвиг, и переход в состояние 36
    '!'     сдвиг, и переход в состояние 37
    '~'     сдвиг, и переход в состояние 38
    DEC     сдвиг, и переход в состояние 14
    INC     сдвиг, и переход в состояние 15
    '('     сдвиг, и переход в состояние 39

    lval  переход в состояние 40
    call  переход в состояние 18
    chng  переход в состояние 41
    expr  переход в состояние 62


состояние 34

   26 stmt: FOR '(' . init0N ';' expr ';' init0N ')' stmt
   27     | FOR '(' . init0N ';' ';' init0N ')' stmt

    IDENT  сдвиг, и переход в состояние 6
    DEC    сдвиг, и переход в состояние 14
    INC    сдвиг, и переход в состояние 15

    $default  вывод с использованием правила 68 (init0N)

    lval    переход в состояние 63
    call    переход в состояние 18
    init    переход в состояние 64
    chng    переход в состояние 20
    init1N  переход в состояние 65
    init0N  переход в состояние 66


состояние 35

   30 expr: NUMBER .

    $default  вывод с использованием правила 30 (expr)


состояние 36

   51 expr: '-' . expr

    NUMBER  сдвиг, и переход в состояние 35
    IDENT   сдвиг, и переход в состояние 6
    '-'     сдвиг, и переход в состояние 36
    '!'     сдвиг, и переход в состояние 37
    '~'     сдвиг, и переход в состояние 38
    DEC     сдвиг, и переход в состояние 14
    INC     сдвиг, и переход в состояние 15
    '('     сдвиг, и переход в состояние 39

    lval  переход в состояние 40
    call  переход в состояние 18
    chng  переход в состояние 41
    expr  переход в состояние 67


состояние 37

   52 expr: '!' . expr

    NUMBER  сдвиг, и переход в состояние 35
    IDENT   сдвиг, и переход в состояние 6
    '-'     сдвиг, и переход в состояние 36
    '!'     сдвиг, и переход в состояние 37
    '~'     сдвиг, и переход в состояние 38
    DEC     сдвиг, и переход в состояние 14
    INC     сдвиг, и переход в состояние 15
    '('     сдвиг, и переход в состояние 39

    lval  переход в состояние 40
    call  переход в состояние 18
    chng  переход в состояние 41
    expr  переход в состояние 68


состояние 38

   53 expr: '~' . expr

    NUMBER  сдвиг, и переход в состояние 35
    IDENT   сдвиг, и переход в состояние 6
    '-'     сдвиг, и переход в состояние 36
    '!'     сдвиг, и переход в состояние 37
    '~'     сдвиг, и переход в состояние 38
    DEC     сдвиг, и переход в состояние 14
    INC     сдвиг, и переход в состояние 15
    '('     сдвиг, и переход в состояние 39

    lval  переход в состояние 40
    call  переход в состояние 18
    chng  переход в состояние 41
    expr  переход в состояние 69


состояние 39

   28 expr: '(' . expr ')'

    NUMBER  сдвиг, и переход в состояние 35
    IDENT   сдвиг, и переход в состояние 6
    '-'     сдвиг, и переход в состояние 36
    '!'     сдвиг, и переход в состояние 37
    '~'     сдвиг, и переход в состояние 38
    DEC     сдвиг, и переход в состояние 14
    INC     сдвиг, и переход в состояние 15
    '('     сдвиг, и переход в состояние 39

    lval  переход в состояние 40
    call  переход в состояние 18
    chng  переход в состояние 41
    expr  переход в состояние 70


состояние 40

    9 chng: lval . '=' expr
   10     | lval . CHANGE expr
   13     | lval . INC
   14     | lval . DEC
   31 expr: lval .

    '='     сдвиг, и переход в состояние 49
    CHANGE  сдвиг, и переход в состояние 50
    DEC     сдвиг, и переход в состояние 51
    INC     сдвиг, и переход в состояние 52

    DEC       [вывод с использованием правила 31 (expr)]
    INC       [вывод с использованием правила 31 (expr)]
    $default  вывод с использованием правила 31 (expr)


состояние 41

   29 expr: chng .

    $default  вывод с использованием правила 29 (expr)


состояние 42

   19 stmt: RETURN expr .
   32 expr: expr . '?' expr ':' expr
   33     | expr . OR expr
   34     | expr . AND expr
   35     | expr . '|' expr
   36     | expr . '^' expr
   37     | expr . '&' expr
   38     | expr . EQ expr
   39     | expr . NE expr
   40     | expr . '<' expr
   41     | expr . LE expr
   42     | expr . '>' expr
   43     | expr . GE expr
   44     | expr . SHL expr
   45     | expr . SHR expr
   46     | expr . '+' expr
   47     | expr . '-' expr
   48     | expr . '*' expr
   49     | expr . '/' expr
   50     | expr . '%' expr

    '?'  сдвиг, и переход в состояние 71
    OR   сдвиг, и переход в состояние 72
    AND  сдвиг, и переход в состояние 73
    '|'  сдвиг, и переход в состояние 74
    '^'  сдвиг, и переход в состояние 75
    '&'  сдвиг, и переход в состояние 76
    NE   сдвиг, и переход в состояние 77
    EQ   сдвиг, и переход в состояние 78
    '<'  сдвиг, и переход в состояние 79
    '>'  сдвиг, и переход в состояние 80
    GE   сдвиг, и переход в состояние 81
    LE   сдвиг, и переход в состояние 82
    SHR  сдвиг, и переход в состояние 83
    SHL  сдвиг, и переход в состояние 84
    '+'  сдвиг, и переход в состояние 85
    '-'  сдвиг, и переход в состояние 86
    '*'  сдвиг, и переход в состояние 87
    '/'  сдвиг, и переход в состояние 88
    '%'  сдвиг, и переход в состояние 89

    $default  вывод с использованием правила 19 (stmt)


состояние 43

    5 lval: IDENT . index0N

    '['  сдвиг, и переход в состояние 29

    $default  вывод с использованием правила 58 (index0N)

    index0N  переход в состояние 30


состояние 44

   12 chng: DEC lval .

    $default  вывод с использованием правила 12 (chng)


состояние 45

   11 chng: INC lval .

    $default  вывод с использованием правила 11 (chng)


состояние 46

   70 stmt0N: stmt . stmt0N

    IDENT     сдвиг, и переход в состояние 6
    IF        сдвиг, и переход в состояние 7
    DO        сдвиг, и переход в состояние 8
    WHILE     сдвиг, и переход в состояние 9
    FOR       сдвиг, и переход в состояние 10
    RETURN    сдвиг, и переход в состояние 11
    BREAK     сдвиг, и переход в состояние 12
    CONTINUE  сдвиг, и переход в состояние 13
    DEC       сдвиг, и переход в состояние 14
    INC       сдвиг, и переход в состояние 15
    '{'       сдвиг, и переход в состояние 16

    $default  вывод с использованием правила 69 (stmt0N)

    lval    переход в состояние 17
    call    переход в состояние 18
    init    переход в состояние 19
    chng    переход в состояние 20
    stmt    переход в состояние 46
    stmt0N  переход в состояние 90


состояние 47

   15 stmt: '{' stmt0N . '}'

    '}'  сдвиг, и переход в состояние 91


состояние 48

    6 call: IDENT . '(' expr0N ')'

    '('  сдвиг, и переход в состояние 28


состояние 49

    9 chng: lval '=' . expr

    NUMBER  сдвиг, и переход в состояние 35
    IDENT   сдвиг, и переход в состояние 6
    '-'     сдвиг, и переход в состояние 36
    '!'     сдвиг, и переход в состояние 37
    '~'     сдвиг, и переход в состояние 38
    DEC     сдвиг, и переход в состояние 14
    INC     сдвиг, и переход в состояние 15
    '('     сдвиг, и переход в состояние 39

    lval  переход в состояние 40
    call  переход в состояние 18
    chng  переход в состояние 41
    expr  переход в состояние 92


состояние 50

   10 chng: lval CHANGE . expr

    NUMBER  сдвиг, и переход в состояние 35
    IDENT   сдвиг, и переход в состояние 6
    '-'     сдвиг, и переход в состояние 36
    '!'     сдвиг, и переход в состояние 37
    '~'     сдвиг, и переход в состояние 38
    DEC     сдвиг, и переход в состояние 14
    INC     сдвиг, и переход в состояние 15
    '('     сдвиг, и переход в состояние 39

    lval  переход в состояние 40
    call  переход в состояние 18
    chng  переход в состояние 41
    expr  переход в состояние 93


состояние 51

   14 chng: lval DEC .

    $default  вывод с использованием правила 14 (chng)


состояние 52

   13 chng: lval INC .

    $default  вывод с использованием правила 13 (chng)


состояние 53

   17 stmt: lval call .

    $default  вывод с использованием правила 17 (stmt)


состояние 54

   62 args1N: args ',' . args1N

    IDENT  сдвиг, и переход в состояние 24

    args    переход в состояние 25
    args1N  переход в состояние 94


состояние 55

    4 defn: IDENT '(' args0N ')' . '{' stmt0N '}'

    '{'  сдвиг, и переход в состояние 95


состояние 56

   32 expr: expr . '?' expr ':' expr
   33     | expr . OR expr
   34     | expr . AND expr
   35     | expr . '|' expr
   36     | expr . '^' expr
   37     | expr . '&' expr
   38     | expr . EQ expr
   39     | expr . NE expr
   40     | expr . '<' expr
   41     | expr . LE expr
   42     | expr . '>' expr
   43     | expr . GE expr
   44     | expr . SHL expr
   45     | expr . SHR expr
   46     | expr . '+' expr
   47     | expr . '-' expr
   48     | expr . '*' expr
   49     | expr . '/' expr
   50     | expr . '%' expr
   54 expr1N: expr .
   55       | expr . ',' expr1N

    '?'  сдвиг, и переход в состояние 71
    OR   сдвиг, и переход в состояние 72
    AND  сдвиг, и переход в состояние 73
    '|'  сдвиг, и переход в состояние 74
    '^'  сдвиг, и переход в состояние 75
    '&'  сдвиг, и переход в состояние 76
    NE   сдвиг, и переход в состояние 77
    EQ   сдвиг, и переход в состояние 78
    '<'  сдвиг, и переход в состояние 79
    '>'  сдвиг, и переход в состояние 80
    GE   сдвиг, и переход в состояние 81
    LE   сдвиг, и переход в состояние 82
    SHR  сдвиг, и переход в состояние 83
    SHL  сдвиг, и переход в состояние 84
    '+'  сдвиг, и переход в состояние 85
    '-'  сдвиг, и переход в состояние 86
    '*'  сдвиг, и переход в состояние 87
    '/'  сдвиг, и переход в состояние 88
    '%'  сдвиг, и переход в состояние 89
    ','  сдвиг, и переход в состояние 96

    $default  вывод с использованием правила 54 (expr1N)


состояние 57

   56 expr0N: expr1N .

    $default  вывод с использованием правила 56 (expr0N)


состояние 58

    6 call: IDENT '(' expr0N . ')'

    ')'  сдвиг, и переход в состояние 97


состояние 59

   32 expr: expr . '?' expr ':' expr
   33     | expr . OR expr
   34     | expr . AND expr
   35     | expr . '|' expr
   36     | expr . '^' expr
   37     | expr . '&' expr
   38     | expr . EQ expr
   39     | expr . NE expr
   40     | expr . '<' expr
   41     | expr . LE expr
   42     | expr . '>' expr
   43     | expr . GE expr
   44     | expr . SHL expr
   45     | expr . SHR expr
   46     | expr . '+' expr
   47     | expr . '-' expr
   48     | expr . '*' expr
   49     | expr . '/' expr
   50     | expr . '%' expr
   59 index0N: '[' expr . ']' index0N

    '?'  сдвиг, и переход в состояние 71
    OR   сдвиг, и переход в состояние 72
    AND  сдвиг, и переход в состояние 73
    '|'  сдвиг, и переход в состояние 74
    '^'  сдвиг, и переход в состояние 75
    '&'  сдвиг, и переход в состояние 76
    NE   сдвиг, и переход в состояние 77
    EQ   сдвиг, и переход в состояние 78
    '<'  сдвиг, и переход в состояние 79
    '>'  сдвиг, и переход в состояние 80
    GE   сдвиг, и переход в состояние 81
    LE   сдвиг, и переход в состояние 82
    SHR  сдвиг, и переход в состояние 83
    SHL  сдвиг, и переход в состояние 84
    '+'  сдвиг, и переход в состояние 85
    '-'  сдвиг, и переход в состояние 86
    '*'  сдвиг, и переход в состояние 87
    '/'  сдвиг, и переход в состояние 88
    '%'  сдвиг, и переход в состояние 89
    ']'  сдвиг, и переход в состояние 98


состояние 60

   22 stmt: IF '(' expr . ')' stmt
   23     | IF '(' expr . ')' stmt ELSE stmt
   32 expr: expr . '?' expr ':' expr
   33     | expr . OR expr
   34     | expr . AND expr
   35     | expr . '|' expr
   36     | expr . '^' expr
   37     | expr . '&' expr
   38     | expr . EQ expr
   39     | expr . NE expr
   40     | expr . '<' expr
   41     | expr . LE expr
   42     | expr . '>' expr
   43     | expr . GE expr
   44     | expr . SHL expr
   45     | expr . SHR expr
   46     | expr . '+' expr
   47     | expr . '-' expr
   48     | expr . '*' expr
   49     | expr . '/' expr
   50     | expr . '%' expr

    ')'  сдвиг, и переход в состояние 99
    '?'  сдвиг, и переход в состояние 71
    OR   сдвиг, и переход в состояние 72
    AND  сдвиг, и переход в состояние 73
    '|'  сдвиг, и переход в состояние 74
    '^'  сдвиг, и переход в состояние 75
    '&'  сдвиг, и переход в состояние 76
    NE   сдвиг, и переход в состояние 77
    EQ   сдвиг, и переход в состояние 78
    '<'  сдвиг, и переход в состояние 79
    '>'  сдвиг, и переход в состояние 80
    GE   сдвиг, и переход в состояние 81
    LE   сдвиг, и переход в состояние 82
    SHR  сдвиг, и переход в состояние 83
    SHL  сдвиг, и переход в состояние 84
    '+'  сдвиг, и переход в состояние 85
    '-'  сдвиг, и переход в состояние 86
    '*'  сдвиг, и переход в состояние 87
    '/'  сдвиг, и переход в состояние 88
    '%'  сдвиг, и переход в состояние 89


состояние 61

   25 stmt: DO stmt WHILE . '(' expr ')'

    '('  сдвиг, и переход в состояние 100


состояние 62

   24 stmt: WHILE '(' expr . ')' stmt
   32 expr: expr . '?' expr ':' expr
   33     | expr . OR expr
   34     | expr . AND expr
   35     | expr . '|' expr
   36     | expr . '^' expr
   37     | expr . '&' expr
   38     | expr . EQ expr
   39     | expr . NE expr
   40     | expr . '<' expr
   41     | expr . LE expr
   42     | expr . '>' expr
   43     | expr . GE expr
   44     | expr . SHL expr
   45     | expr . SHR expr
   46     | expr . '+' expr
   47     | expr . '-' expr
   48     | expr . '*' expr
   49     | expr . '/' expr
   50     | expr . '%' expr

    ')'  сдвиг, и переход в состояние 101
    '?'  сдвиг, и переход в состояние 71
    OR   сдвиг, и переход в состояние 72
    AND  сдвиг, и переход в состояние 73
    '|'  сдвиг, и переход в состояние 74
    '^'  сдвиг, и переход в состояние 75
    '&'  сдвиг, и переход в состояние 76
    NE   сдвиг, и переход в состояние 77
    EQ   сдвиг, и переход в состояние 78
    '<'  сдвиг, и переход в состояние 79
    '>'  сдвиг, и переход в состояние 80
    GE   сдвиг, и переход в состояние 81
    LE   сдвиг, и переход в состояние 82
    SHR  сдвиг, и переход в состояние 83
    SHL  сдвиг, и переход в состояние 84
    '+'  сдвиг, и переход в состояние 85
    '-'  сдвиг, и переход в состояние 86
    '*'  сдвиг, и переход в состояние 87
    '/'  сдвиг, и переход в состояние 88
    '%'  сдвиг, и переход в состояние 89


состояние 63

    9 chng: lval . '=' expr
   10     | lval . CHANGE expr
   13     | lval . INC
   14     | lval . DEC

    '='     сдвиг, и переход в состояние 49
    CHANGE  сдвиг, и переход в состояние 50
    DEC     сдвиг, и переход в состояние 51
    INC     сдвиг, и переход в состояние 52


состояние 64

   65 init1N: init .
   66       | init . ',' init1N

    ','  сдвиг, и переход в состояние 102

    $default  вывод с использованием правила 65 (init1N)


состояние 65

   67 init0N: init1N .

    $default  вывод с использованием правила 67 (init0N)


состояние 66

   26 stmt: FOR '(' init0N . ';' expr ';' init0N ')' stmt
   27     | FOR '(' init0N . ';' ';' init0N ')' stmt

    ';'  сдвиг, и переход в состояние 103


состояние 67

   32 expr: expr . '?' expr ':' expr
   33     | expr . OR expr
   34     | expr . AND expr
   35     | expr . '|' expr
   36     | expr . '^' expr
   37     | expr . '&' expr
   38     | expr . EQ expr
   39     | expr . NE expr
   40     | expr . '<' expr
   41     | expr . LE expr
   42     | expr . '>' expr
   43     | expr . GE expr
   44     | expr . SHL expr
   45     | expr . SHR expr
   46     | expr . '+' expr
   47     | expr . '-' expr
   48     | expr . '*' expr
   49     | expr . '/' expr
   50     | expr . '%' expr
   51     | '-' expr .

    $default  вывод с использованием правила 51 (expr)


состояние 68

   32 expr: expr . '?' expr ':' expr
   33     | expr . OR expr
   34     | expr . AND expr
   35     | expr . '|' expr
   36     | expr . '^' expr
   37     | expr . '&' expr
   38     | expr . EQ expr
   39     | expr . NE expr
   40     | expr . '<' expr
   41     | expr . LE expr
   42     | expr . '>' expr
   43     | expr . GE expr
   44     | expr . SHL expr
   45     | expr . SHR expr
   46     | expr . '+' expr
   47     | expr . '-' expr
   48     | expr . '*' expr
   49     | expr . '/' expr
   50     | expr . '%' expr
   52     | '!' expr .

    $default  вывод с использованием правила 52 (expr)


состояние 69

   32 expr: expr . '?' expr ':' expr
   33     | expr . OR expr
   34     | expr . AND expr
   35     | expr . '|' expr
   36     | expr . '^' expr
   37     | expr . '&' expr
   38     | expr . EQ expr
   39     | expr . NE expr
   40     | expr . '<' expr
   41     | expr . LE expr
   42     | expr . '>' expr
   43     | expr . GE expr
   44     | expr . SHL expr
   45     | expr . SHR expr
   46     | expr . '+' expr
   47     | expr . '-' expr
   48     | expr . '*' expr
   49     | expr . '/' expr
   50     | expr . '%' expr
   53     | '~' expr .

    $default  вывод с использованием правила 53 (expr)


состояние 70

   28 expr: '(' expr . ')'
   32     | expr . '?' expr ':' expr
   33     | expr . OR expr
   34     | expr . AND expr
   35     | expr . '|' expr
   36     | expr . '^' expr
   37     | expr . '&' expr
   38     | expr . EQ expr
   39     | expr . NE expr
   40     | expr . '<' expr
   41     | expr . LE expr
   42     | expr . '>' expr
   43     | expr . GE expr
   44     | expr . SHL expr
   45     | expr . SHR expr
   46     | expr . '+' expr
   47     | expr . '-' expr
   48     | expr . '*' expr
   49     | expr . '/' expr
   50     | expr . '%' expr

    ')'  сдвиг, и переход в состояние 104
    '?'  сдвиг, и переход в состояние 71
    OR   сдвиг, и переход в состояние 72
    AND  сдвиг, и переход в состояние 73
    '|'  сдвиг, и переход в состояние 74
    '^'  сдвиг, и переход в состояние 75
    '&'  сдвиг, и переход в состояние 76
    NE   сдвиг, и переход в состояние 77
    EQ   сдвиг, и переход в состояние 78
    '<'  сдвиг, и переход в состояние 79
    '>'  сдвиг, и переход в состояние 80
    GE   сдвиг, и переход в состояние 81
    LE   сдвиг, и переход в состояние 82
    SHR  сдвиг, и переход в состояние 83
    SHL  сдвиг, и переход в состояние 84
    '+'  сдвиг, и переход в состояние 85
    '-'  сдвиг, и переход в состояние 86
    '*'  сдвиг, и переход в состояние 87
    '/'  сдвиг, и переход в состояние 88
    '%'  сдвиг, и переход в состояние 89


состояние 71

   32 expr: expr '?' . expr ':' expr

    NUMBER  сдвиг, и переход в состояние 35
    IDENT   сдвиг, и переход в состояние 6
    '-'     сдвиг, и переход в состояние 36
    '!'     сдвиг, и переход в состояние 37
    '~'     сдвиг, и переход в состояние 38
    DEC     сдвиг, и переход в состояние 14
    INC     сдвиг, и переход в состояние 15
    '('     сдвиг, и переход в состояние 39

    lval  переход в состояние 40
    call  переход в состояние 18
    chng  переход в состояние 41
    expr  переход в состояние 105


состояние 72

   33 expr: expr OR . expr

    NUMBER  сдвиг, и переход в состояние 35
    IDENT   сдвиг, и переход в состояние 6
    '-'     сдвиг, и переход в состояние 36
    '!'     сдвиг, и переход в состояние 37
    '~'     сдвиг, и переход в состояние 38
    DEC     сдвиг, и переход в состояние 14
    INC     сдвиг, и переход в состояние 15
    '('     сдвиг, и переход в состояние 39

    lval  переход в состояние 40
    call  переход в состояние 18
    chng  переход в состояние 41
    expr  переход в состояние 106


состояние 73

   34 expr: expr AND . expr

    NUMBER  сдвиг, и переход в состояние 35
    IDENT   сдвиг, и переход в состояние 6
    '-'     сдвиг, и переход в состояние 36
    '!'     сдвиг, и переход в состояние 37
    '~'     сдвиг, и переход в состояние 38
    DEC     сдвиг, и переход в состояние 14
    INC     сдвиг, и переход в состояние 15
    '('     сдвиг, и переход в состояние 39

    lval  переход в состояние 40
    call  переход в состояние 18
    chng  переход в состояние 41
    expr  переход в состояние 107


состояние 74

   35 expr: expr '|' . expr

    NUMBER  сдвиг, и переход в состояние 35
    IDENT   сдвиг, и переход в состояние 6
    '-'     сдвиг, и переход в состояние 36
    '!'     сдвиг, и переход в состояние 37
    '~'     сдвиг, и переход в состояние 38
    DEC     сдвиг, и переход в состояние 14
    INC     сдвиг, и переход в состояние 15
    '('     сдвиг, и переход в состояние 39

    lval  переход в состояние 40
    call  переход в состояние 18
    chng  переход в состояние 41
    expr  переход в состояние 108


состояние 75

   36 expr: expr '^' . expr

    NUMBER  сдвиг, и переход в состояние 35
    IDENT   сдвиг, и переход в состояние 6
    '-'     сдвиг, и переход в состояние 36
    '!'     сдвиг, и переход в состояние 37
    '~'     сдвиг, и переход в состояние 38
    DEC     сдвиг, и переход в состояние 14
    INC     сдвиг, и переход в состояние 15
    '('     сдвиг, и переход в состояние 39

    lval  переход в состояние 40
    call  переход в состояние 18
    chng  переход в состояние 41
    expr  переход в состояние 109


состояние 76

   37 expr: expr '&' . expr

    NUMBER  сдвиг, и переход в состояние 35
    IDENT   сдвиг, и переход в состояние 6
    '-'     сдвиг, и переход в состояние 36
    '!'     сдвиг, и переход в состояние 37
    '~'     сдвиг, и переход в состояние 38
    DEC     сдвиг, и переход в состояние 14
    INC     сдвиг, и переход в состояние 15
    '('     сдвиг, и переход в состояние 39

    lval  переход в состояние 40
    call  переход в состояние 18
    chng  переход в состояние 41
    expr  переход в состояние 110


состояние 77

   39 expr: expr NE . expr

    NUMBER  сдвиг, и переход в состояние 35
    IDENT   сдвиг, и переход в состояние 6
    '-'     сдвиг, и переход в состояние 36
    '!'     сдвиг, и переход в состояние 37
    '~'     сдвиг, и переход в состояние 38
    DEC     сдвиг, и переход в состояние 14
    INC     сдвиг, и переход в состояние 15
    '('     сдвиг, и переход в состояние 39

    lval  переход в состояние 40
    call  переход в состояние 18
    chng  переход в состояние 41
    expr  переход в состояние 111


состояние 78

   38 expr: expr EQ . expr

    NUMBER  сдвиг, и переход в состояние 35
    IDENT   сдвиг, и переход в состояние 6
    '-'     сдвиг, и переход в состояние 36
    '!'     сдвиг, и переход в состояние 37
    '~'     сдвиг, и переход в состояние 38
    DEC     сдвиг, и переход в состояние 14
    INC     сдвиг, и переход в состояние 15
    '('     сдвиг, и переход в состояние 39

    lval  переход в состояние 40
    call  переход в состояние 18
    chng  переход в состояние 41
    expr  переход в состояние 112


состояние 79

   40 expr: expr '<' . expr

    NUMBER  сдвиг, и переход в состояние 35
    IDENT   сдвиг, и переход в состояние 6
    '-'     сдвиг, и переход в состояние 36
    '!'     сдвиг, и переход в состояние 37
    '~'     сдвиг, и переход в состояние 38
    DEC     сдвиг, и переход в состояние 14
    INC     сдвиг, и переход в состояние 15
    '('     сдвиг, и переход в состояние 39

    lval  переход в состояние 40
    call  переход в состояние 18
    chng  переход в состояние 41
    expr  переход в состояние 113


состояние 80

   42 expr: expr '>' . expr

    NUMBER  сдвиг, и переход в состояние 35
    IDENT   сдвиг, и переход в состояние 6
    '-'     сдвиг, и переход в состояние 36
    '!'     сдвиг, и переход в состояние 37
    '~'     сдвиг, и переход в состояние 38
    DEC     сдвиг, и переход в состояние 14
    INC     сдвиг, и переход в состояние 15
    '('     сдвиг, и переход в состояние 39

    lval  переход в состояние 40
    call  переход в состояние 18
    chng  переход в состояние 41
    expr  переход в состояние 114


состояние 81

   43 expr: expr GE . expr

    NUMBER  сдвиг, и переход в состояние 35
    IDENT   сдвиг, и переход в состояние 6
    '-'     сдвиг, и переход в состояние 36
    '!'     сдвиг, и переход в состояние 37
    '~'     сдвиг, и переход в состояние 38
    DEC     сдвиг, и переход в состояние 14
    INC     сдвиг, и переход в состояние 15
    '('     сдвиг, и переход в состояние 39

    lval  переход в состояние 40
    call  переход в состояние 18
    chng  переход в состояние 41
    expr  переход в состояние 115


состояние 82

   41 expr: expr LE . expr

    NUMBER  сдвиг, и переход в состояние 35
    IDENT   сдвиг, и переход в состояние 6
    '-'     сдвиг, и переход в состояние 36
    '!'     сдвиг, и переход в состояние 37
    '~'     сдвиг, и переход в состояние 38
    DEC     сдвиг, и переход в состояние 14
    INC     сдвиг, и переход в состояние 15
    '('     сдвиг, и переход в состояние 39

    lval  переход в состояние 40
    call  переход в состояние 18
    chng  переход в состояние 41
    expr  переход в состояние 116


состояние 83

   45 expr: expr SHR . expr

    NUMBER  сдвиг, и переход в состояние 35
    IDENT   сдвиг, и переход в состояние 6
    '-'     сдвиг, и переход в состояние 36
    '!'     сдвиг, и переход в состояние 37
    '~'     сдвиг, и переход в состояние 38
    DEC     сдвиг, и переход в состояние 14
    INC     сдвиг, и переход в состояние 15
    '('     сдвиг, и переход в состояние 39

    lval  переход в состояние 40
    call  переход в состояние 18
    chng  переход в состояние 41
    expr  переход в состояние 117


состояние 84

   44 expr: expr SHL . expr

    NUMBER  сдвиг, и переход в состояние 35
    IDENT   сдвиг, и переход в состояние 6
    '-'     сдвиг, и переход в состояние 36
    '!'     сдвиг, и переход в состояние 37
    '~'     сдвиг, и переход в состояние 38
    DEC     сдвиг, и переход в состояние 14
    INC     сдвиг, и переход в состояние 15
    '('     сдвиг, и переход в состояние 39

    lval  переход в состояние 40
    call  переход в состояние 18
    chng  переход в состояние 41
    expr  переход в состояние 118


состояние 85

   46 expr: expr '+' . expr

    NUMBER  сдвиг, и переход в состояние 35
    IDENT   сдвиг, и переход в состояние 6
    '-'     сдвиг, и переход в состояние 36
    '!'     сдвиг, и переход в состояние 37
    '~'     сдвиг, и переход в состояние 38
    DEC     сдвиг, и переход в состояние 14
    INC     сдвиг, и переход в состояние 15
    '('     сдвиг, и переход в состояние 39

    lval  переход в состояние 40
    call  переход в состояние 18
    chng  переход в состояние 41
    expr  переход в состояние 119


состояние 86

   47 expr: expr '-' . expr

    NUMBER  сдвиг, и переход в состояние 35
    IDENT   сдвиг, и переход в состояние 6
    '-'     сдвиг, и переход в состояние 36
    '!'     сдвиг, и переход в состояние 37
    '~'     сдвиг, и переход в состояние 38
    DEC     сдвиг, и переход в состояние 14
    INC     сдвиг, и переход в состояние 15
    '('     сдвиг, и переход в состояние 39

    lval  переход в состояние 40
    call  переход в состояние 18
    chng  переход в состояние 41
    expr  переход в состояние 120


состояние 87

   48 expr: expr '*' . expr

    NUMBER  сдвиг, и переход в состояние 35
    IDENT   сдвиг, и переход в состояние 6
    '-'     сдвиг, и переход в состояние 36
    '!'     сдвиг, и переход в состояние 37
    '~'     сдвиг, и переход в состояние 38
    DEC     сдвиг, и переход в состояние 14
    INC     сдвиг, и переход в состояние 15
    '('     сдвиг, и переход в состояние 39

    lval  переход в состояние 40
    call  переход в состояние 18
    chng  переход в состояние 41
    expr  переход в состояние 121


состояние 88

   49 expr: expr '/' . expr

    NUMBER  сдвиг, и переход в состояние 35
    IDENT   сдвиг, и переход в состояние 6
    '-'     сдвиг, и переход в состояние 36
    '!'     сдвиг, и переход в состояние 37
    '~'     сдвиг, и переход в состояние 38
    DEC     сдвиг, и переход в состояние 14
    INC     сдвиг, и переход в состояние 15
    '('     сдвиг, и переход в состояние 39

    lval  переход в состояние 40
    call  переход в состояние 18
    chng  переход в состояние 41
    expr  переход в состояние 122


состояние 89

   50 expr: expr '%' . expr

    NUMBER  сдвиг, и переход в состояние 35
    IDENT   сдвиг, и переход в состояние 6
    '-'     сдвиг, и переход в состояние 36
    '!'     сдвиг, и переход в состояние 37
    '~'     сдвиг, и переход в состояние 38
    DEC     сдвиг, и переход в состояние 14
    INC     сдвиг, и переход в состояние 15
    '('     сдвиг, и переход в состояние 39

    lval  переход в состояние 40
    call  переход в состояние 18
    chng  переход в состояние 41
    expr  переход в состояние 123


состояние 90

   70 stmt0N: stmt stmt0N .

    $default  вывод с использованием правила 70 (stmt0N)


состояние 91

   15 stmt: '{' stmt0N '}' .

    $default  вывод с использованием правила 15 (stmt)


состояние 92

    9 chng: lval '=' expr .
   32 expr: expr . '?' expr ':' expr
   33     | expr . OR expr
   34     | expr . AND expr
   35     | expr . '|' expr
   36     | expr . '^' expr
   37     | expr . '&' expr
   38     | expr . EQ expr
   39     | expr . NE expr
   40     | expr . '<' expr
   41     | expr . LE expr
   42     | expr . '>' expr
   43     | expr . GE expr
   44     | expr . SHL expr
   45     | expr . SHR expr
   46     | expr . '+' expr
   47     | expr . '-' expr
   48     | expr . '*' expr
   49     | expr . '/' expr
   50     | expr . '%' expr

    '?'  сдвиг, и переход в состояние 71
    OR   сдвиг, и переход в состояние 72
    AND  сдвиг, и переход в состояние 73
    '|'  сдвиг, и переход в состояние 74
    '^'  сдвиг, и переход в состояние 75
    '&'  сдвиг, и переход в состояние 76
    NE   сдвиг, и переход в состояние 77
    EQ   сдвиг, и переход в состояние 78
    '<'  сдвиг, и переход в состояние 79
    '>'  сдвиг, и переход в состояние 80
    GE   сдвиг, и переход в состояние 81
    LE   сдвиг, и переход в состояние 82
    SHR  сдвиг, и переход в состояние 83
    SHL  сдвиг, и переход в состояние 84
    '+'  сдвиг, и переход в состояние 85
    '-'  сдвиг, и переход в состояние 86
    '*'  сдвиг, и переход в состояние 87
    '/'  сдвиг, и переход в состояние 88
    '%'  сдвиг, и переход в состояние 89

    $default  вывод с использованием правила 9 (chng)


состояние 93

   10 chng: lval CHANGE expr .
   32 expr: expr . '?' expr ':' expr
   33     | expr . OR expr
   34     | expr . AND expr
   35     | expr . '|' expr
   36     | expr . '^' expr
   37     | expr . '&' expr
   38     | expr . EQ expr
   39     | expr . NE expr
   40     | expr . '<' expr
   41     | expr . LE expr
   42     | expr . '>' expr
   43     | expr . GE expr
   44     | expr . SHL expr
   45     | expr . SHR expr
   46     | expr . '+' expr
   47     | expr . '-' expr
   48     | expr . '*' expr
   49     | expr . '/' expr
   50     | expr . '%' expr

    '?'  сдвиг, и переход в состояние 71
    OR   сдвиг, и переход в состояние 72
    AND  сдвиг, и переход в состояние 73
    '|'  сдвиг, и переход в состояние 74
    '^'  сдвиг, и переход в состояние 75
    '&'  сдвиг, и переход в состояние 76
    NE   сдвиг, и переход в состояние 77
    EQ   сдвиг, и переход в состояние 78
    '<'  сдвиг, и переход в состояние 79
    '>'  сдвиг, и переход в состояние 80
    GE   сдвиг, и переход в состояние 81
    LE   сдвиг, и переход в состояние 82
    SHR  сдвиг, и переход в состояние 83
    SHL  сдвиг, и переход в состояние 84
    '+'  сдвиг, и переход в состояние 85
    '-'  сдвиг, и переход в состояние 86
    '*'  сдвиг, и переход в состояние 87
    '/'  сдвиг, и переход в состояние 88
    '%'  сдвиг, и переход в состояние 89

    $default  вывод с использованием правила 10 (chng)


состояние 94

   62 args1N: args ',' args1N .

    $default  вывод с использованием правила 62 (args1N)


состояние 95

    4 defn: IDENT '(' args0N ')' '{' . stmt0N '}'

    IDENT     сдвиг, и переход в состояние 6
    IF        сдвиг, и переход в состояние 7
    DO        сдвиг, и переход в состояние 8
    WHILE     сдвиг, и переход в состояние 9
    FOR       сдвиг, и переход в состояние 10
    RETURN    сдвиг, и переход в состояние 11
    BREAK     сдвиг, и переход в состояние 12
    CONTINUE  сдвиг, и переход в состояние 13
    DEC       сдвиг, и переход в состояние 14
    INC       сдвиг, и переход в состояние 15
    '{'       сдвиг, и переход в состояние 16

    $default  вывод с использованием правила 69 (stmt0N)

    lval    переход в состояние 17
    call    переход в состояние 18
    init    переход в состояние 19
    chng    переход в состояние 20
    stmt    переход в состояние 46
    stmt0N  переход в состояние 124


состояние 96

   55 expr1N: expr ',' . expr1N

    NUMBER  сдвиг, и переход в состояние 35
    IDENT   сдвиг, и переход в состояние 6
    '-'     сдвиг, и переход в состояние 36
    '!'     сдвиг, и переход в состояние 37
    '~'     сдвиг, и переход в состояние 38
    DEC     сдвиг, и переход в состояние 14
    INC     сдвиг, и переход в состояние 15
    '('     сдвиг, и переход в состояние 39

    lval    переход в состояние 40
    call    переход в состояние 18
    chng    переход в состояние 41
    expr    переход в состояние 56
    expr1N  переход в состояние 125


состояние 97

    6 call: IDENT '(' expr0N ')' .

    $default  вывод с использованием правила 6 (call)


состояние 98

   59 index0N: '[' expr ']' . index0N

    '['  сдвиг, и переход в состояние 29

    $default  вывод с использованием правила 58 (index0N)

    index0N  переход в состояние 126


состояние 99

   22 stmt: IF '(' expr ')' . stmt
   23     | IF '(' expr ')' . stmt ELSE stmt

    IDENT     сдвиг, и переход в состояние 6
    IF        сдвиг, и переход в состояние 7
    DO        сдвиг, и переход в состояние 8
    WHILE     сдвиг, и переход в состояние 9
    FOR       сдвиг, и переход в состояние 10
    RETURN    сдвиг, и переход в состояние 11
    BREAK     сдвиг, и переход в состояние 12
    CONTINUE  сдвиг, и переход в состояние 13
    DEC       сдвиг, и переход в состояние 14
    INC       сдвиг, и переход в состояние 15
    '{'       сдвиг, и переход в состояние 16

    lval  переход в состояние 17
    call  переход в состояние 18
    init  переход в состояние 19
    chng  переход в состояние 20
    stmt  переход в состояние 127


состояние 100

   25 stmt: DO stmt WHILE '(' . expr ')'

    NUMBER  сдвиг, и переход в состояние 35
    IDENT   сдвиг, и переход в состояние 6
    '-'     сдвиг, и переход в состояние 36
    '!'     сдвиг, и переход в состояние 37
    '~'     сдвиг, и переход в состояние 38
    DEC     сдвиг, и переход в состояние 14
    INC     сдвиг, и переход в состояние 15
    '('     сдвиг, и переход в состояние 39

    lval  переход в состояние 40
    call  переход в состояние 18
    chng  переход в состояние 41
    expr  переход в состояние 128


состояние 101

   24 stmt: WHILE '(' expr ')' . stmt

    IDENT     сдвиг, и переход в состояние 6
    IF        сдвиг, и переход в состояние 7
    DO        сдвиг, и переход в состояние 8
    WHILE     сдвиг, и переход в состояние 9
    FOR       сдвиг, и переход в состояние 10
    RETURN    сдвиг, и переход в состояние 11
    BREAK     сдвиг, и переход в состояние 12
    CONTINUE  сдвиг, и переход в состояние 13
    DEC       сдвиг, и переход в состояние 14
    INC       сдвиг, и переход в состояние 15
    '{'       сдвиг, и переход в состояние 16

    lval  переход в состояние 17
    call  переход в состояние 18
    init  переход в состояние 19
    chng  переход в состояние 20
    stmt  переход в состояние 129


состояние 102

   66 init1N: init ',' . init1N

    IDENT  сдвиг, и переход в состояние 6
    DEC    сдвиг, и переход в состояние 14
    INC    сдвиг, и переход в состояние 15

    lval    переход в состояние 63
    call    переход в состояние 18
    init    переход в состояние 64
    chng    переход в состояние 20
    init1N  переход в состояние 130


состояние 103

   26 stmt: FOR '(' init0N ';' . expr ';' init0N ')' stmt
   27     | FOR '(' init0N ';' . ';' init0N ')' stmt

    NUMBER  сдвиг, и переход в состояние 35
    IDENT   сдвиг, и переход в состояние 6
    '-'     сдвиг, и переход в состояние 36
    '!'     сдвиг, и переход в состояние 37
    '~'     сдвиг, и переход в состояние 38
    DEC     сдвиг, и переход в состояние 14
    INC     сдвиг, и переход в состояние 15
    '('     сдвиг, и переход в состояние 39
    ';'     сдвиг, и переход в состояние 131

    lval  переход в состояние 40
    call  переход в состояние 18
    chng  переход в состояние 41
    expr  переход в состояние 132


состояние 104

   28 expr: '(' expr ')' .

    $default  вывод с использованием правила 28 (expr)


состояние 105

   32 expr: expr . '?' expr ':' expr
   32     | expr '?' expr . ':' expr
   33     | expr . OR expr
   34     | expr . AND expr
   35     | expr . '|' expr
   36     | expr . '^' expr
   37     | expr . '&' expr
   38     | expr . EQ expr
   39     | expr . NE expr
   40     | expr . '<' expr
   41     | expr . LE expr
   42     | expr . '>' expr
   43     | expr . GE expr
   44     | expr . SHL expr
   45     | expr . SHR expr
   46     | expr . '+' expr
   47     | expr . '-' expr
   48     | expr . '*' expr
   49     | expr . '/' expr
   50     | expr . '%' expr

    '?'  сдвиг, и переход в состояние 71
    ':'  сдвиг, и переход в состояние 133
    OR   сдвиг, и переход в состояние 72
    AND  сдвиг, и переход в состояние 73
    '|'  сдвиг, и переход в состояние 74
    '^'  сдвиг, и переход в состояние 75
    '&'  сдвиг, и переход в состояние 76
    NE   сдвиг, и переход в состояние 77
    EQ   сдвиг, и переход в состояние 78
    '<'  сдвиг, и переход в состояние 79
    '>'  сдвиг, и переход в состояние 80
    GE   сдвиг, и переход в состояние 81
    LE   сдвиг, и переход в состояние 82
    SHR  сдвиг, и переход в состояние 83
    SHL  сдвиг, и переход в состояние 84
    '+'  сдвиг, и переход в состояние 85
    '-'  сдвиг, и переход в состояние 86
    '*'  сдвиг, и переход в состояние 87
    '/'  сдвиг, и переход в состояние 88
    '%'  сдвиг, и переход в состояние 89


состояние 106

   32 expr: expr . '?' expr ':' expr
   33     | expr . OR expr
   33     | expr OR expr .
   34     | expr . AND expr
   35     | expr . '|' expr
   36     | expr . '^' expr
   37     | expr . '&' expr
   38     | expr . EQ expr
   39     | expr . NE expr
   40     | expr . '<' expr
   41     | expr . LE expr
   42     | expr . '>' expr
   43     | expr . GE expr
   44     | expr . SHL expr
   45     | expr . SHR expr
   46     | expr . '+' expr
   47     | expr . '-' expr
   48     | expr . '*' expr
   49     | expr . '/' expr
   50     | expr . '%' expr

    AND  сдвиг, и переход в состояние 73
    '|'  сдвиг, и переход в состояние 74
    '^'  сдвиг, и переход в состояние 75
    '&'  сдвиг, и переход в состояние 76
    NE   сдвиг, и переход в состояние 77
    EQ   сдвиг, и переход в состояние 78
    '<'  сдвиг, и переход в состояние 79
    '>'  сдвиг, и переход в состояние 80
    GE   сдвиг, и переход в состояние 81
    LE   сдвиг, и переход в состояние 82
    SHR  сдвиг, и переход в состояние 83
    SHL  сдвиг, и переход в состояние 84
    '+'  сдвиг, и переход в состояние 85
    '-'  сдвиг, и переход в состояние 86
    '*'  сдвиг, и переход в состояние 87
    '/'  сдвиг, и переход в состояние 88
    '%'  сдвиг, и переход в состояние 89

    $default  вывод с использованием правила 33 (expr)


состояние 107

   32 expr: expr . '?' expr ':' expr
   33     | expr . OR expr
   34     | expr . AND expr
   34     | expr AND expr .
   35     | expr . '|' expr
   36     | expr . '^' expr
   37     | expr . '&' expr
   38     | expr . EQ expr
   39     | expr . NE expr
   40     | expr . '<' expr
   41     | expr . LE expr
   42     | expr . '>' expr
   43     | expr . GE expr
   44     | expr . SHL expr
   45     | expr . SHR expr
   46     | expr . '+' expr
   47     | expr . '-' expr
   48     | expr . '*' expr
   49     | expr . '/' expr
   50     | expr . '%' expr

    '|'  сдвиг, и переход в состояние 74
    '^'  сдвиг, и переход в состояние 75
    '&'  сдвиг, и переход в состояние 76
    NE   сдвиг, и переход в состояние 77
    EQ   сдвиг, и переход в состояние 78
    '<'  сдвиг, и переход в состояние 79
    '>'  сдвиг, и переход в состояние 80
    GE   сдвиг, и переход в состояние 81
    LE   сдвиг, и переход в состояние 82
    SHR  сдвиг, и переход в состояние 83
    SHL  сдвиг, и переход в состояние 84
    '+'  сдвиг, и переход в состояние 85
    '-'  сдвиг, и переход в состояние 86
    '*'  сдвиг, и переход в состояние 87
    '/'  сдвиг, и переход в состояние 88
    '%'  сдвиг, и переход в состояние 89

    $default  вывод с использованием правила 34 (expr)


состояние 108

   32 expr: expr . '?' expr ':' expr
   33     | expr . OR expr
   34     | expr . AND expr
   35     | expr . '|' expr
   35     | expr '|' expr .
   36     | expr . '^' expr
   37     | expr . '&' expr
   38     | expr . EQ expr
   39     | expr . NE expr
   40     | expr . '<' expr
   41     | expr . LE expr
   42     | expr . '>' expr
   43     | expr . GE expr
   44     | expr . SHL expr
   45     | expr . SHR expr
   46     | expr . '+' expr
   47     | expr . '-' expr
   48     | expr . '*' expr
   49     | expr . '/' expr
   50     | expr . '%' expr

    '^'  сдвиг, и переход в состояние 75
    '&'  сдвиг, и переход в состояние 76
    NE   сдвиг, и переход в состояние 77
    EQ   сдвиг, и переход в состояние 78
    '<'  сдвиг, и переход в состояние 79
    '>'  сдвиг, и переход в состояние 80
    GE   сдвиг, и переход в состояние 81
    LE   сдвиг, и переход в состояние 82
    SHR  сдвиг, и переход в состояние 83
    SHL  сдвиг, и переход в состояние 84
    '+'  сдвиг, и переход в состояние 85
    '-'  сдвиг, и переход в состояние 86
    '*'  сдвиг, и переход в состояние 87
    '/'  сдвиг, и переход в состояние 88
    '%'  сдвиг, и переход в состояние 89

    $default  вывод с использованием правила 35 (expr)


состояние 109

   32 expr: expr . '?' expr ':' expr
   33     | expr . OR expr
   34     | expr . AND expr
   35     | expr . '|' expr
   36     | expr . '^' expr
   36     | expr '^' expr .
   37     | expr . '&' expr
   38     | expr . EQ expr
   39     | expr . NE expr
   40     | expr . '<' expr
   41     | expr . LE expr
   42     | expr . '>' expr
   43     | expr . GE expr
   44     | expr . SHL expr
   45     | expr . SHR expr
   46     | expr . '+' expr
   47     | expr . '-' expr
   48     | expr . '*' expr
   49     | expr . '/' expr
   50     | expr . '%' expr

    '&'  сдвиг, и переход в состояние 76
    NE   сдвиг, и переход в состояние 77
    EQ   сдвиг, и переход в состояние 78
    '<'  сдвиг, и переход в состояние 79
    '>'  сдвиг, и переход в состояние 80
    GE   сдвиг, и переход в состояние 81
    LE   сдвиг, и переход в состояние 82
    SHR  сдвиг, и переход в состояние 83
    SHL  сдвиг, и переход в состояние 84
    '+'  сдвиг, и переход в состояние 85
    '-'  сдвиг, и переход в состояние 86
    '*'  сдвиг, и переход в состояние 87
    '/'  сдвиг, и переход в состояние 88
    '%'  сдвиг, и переход в состояние 89

    $default  вывод с использованием правила 36 (expr)


состояние 110

   32 expr: expr . '?' expr ':' expr
   33     | expr . OR expr
   34     | expr . AND expr
   35     | expr . '|' expr
   36     | expr . '^' expr
   37     | expr . '&' expr
   37     | expr '&' expr .
   38     | expr . EQ expr
   39     | expr . NE expr
   40     | expr . '<' expr
   41     | expr . LE expr
   42     | expr . '>' expr
   43     | expr . GE expr
   44     | expr . SHL expr
   45     | expr . SHR expr
   46     | expr . '+' expr
   47     | expr . '-' expr
   48     | expr . '*' expr
   49     | expr . '/' expr
   50     | expr . '%' expr

    NE   сдвиг, и переход в состояние 77
    EQ   сдвиг, и переход в состояние 78
    '<'  сдвиг, и переход в состояние 79
    '>'  сдвиг, и переход в состояние 80
    GE   сдвиг, и переход в состояние 81
    LE   сдвиг, и переход в состояние 82
    SHR  сдвиг, и переход в состояние 83
    SHL  сдвиг, и переход в состояние 84
    '+'  сдвиг, и переход в состояние 85
    '-'  сдвиг, и переход в состояние 86
    '*'  сдвиг, и переход в состояние 87
    '/'  сдвиг, и переход в состояние 88
    '%'  сдвиг, и переход в состояние 89

    $default  вывод с использованием правила 37 (expr)


состояние 111

   32 expr: expr . '?' expr ':' expr
   33     | expr . OR expr
   34     | expr . AND expr
   35     | expr . '|' expr
   36     | expr . '^' expr
   37     | expr . '&' expr
   38     | expr . EQ expr
   39     | expr . NE expr
   39     | expr NE expr .
   40     | expr . '<' expr
   41     | expr . LE expr
   42     | expr . '>' expr
   43     | expr . GE expr
   44     | expr . SHL expr
   45     | expr . SHR expr
   46     | expr . '+' expr
   47     | expr . '-' expr
   48     | expr . '*' expr
   49     | expr . '/' expr
   50     | expr . '%' expr

    '<'  сдвиг, и переход в состояние 79
    '>'  сдвиг, и переход в состояние 80
    GE   сдвиг, и переход в состояние 81
    LE   сдвиг, и переход в состояние 82
    SHR  сдвиг, и переход в состояние 83
    SHL  сдвиг, и переход в состояние 84
    '+'  сдвиг, и переход в состояние 85
    '-'  сдвиг, и переход в состояние 86
    '*'  сдвиг, и переход в состояние 87
    '/'  сдвиг, и переход в состояние 88
    '%'  сдвиг, и переход в состояние 89

    $default  вывод с использованием правила 39 (expr)


состояние 112

   32 expr: expr . '?' expr ':' expr
   33     | expr . OR expr
   34     | expr . AND expr
   35     | expr . '|' expr
   36     | expr . '^' expr
   37     | expr . '&' expr
   38     | expr . EQ expr
   38     | expr EQ expr .
   39     | expr . NE expr
   40     | expr . '<' expr
   41     | expr . LE expr
   42     | expr . '>' expr
   43     | expr . GE expr
   44     | expr . SHL expr
   45     | expr . SHR expr
   46     | expr . '+' expr
   47     | expr . '-' expr
   48     | expr . '*' expr
   49     | expr . '/' expr
   50     | expr . '%' expr

    '<'  сдвиг, и переход в состояние 79
    '>'  сдвиг, и переход в состояние 80
    GE   сдвиг, и переход в состояние 81
    LE   сдвиг, и переход в состояние 82
    SHR  сдвиг, и переход в состояние 83
    SHL  сдвиг, и переход в состояние 84
    '+'  сдвиг, и переход в состояние 85
    '-'  сдвиг, и переход в состояние 86
    '*'  сдвиг, и переход в состояние 87
    '/'  сдвиг, и переход в состояние 88
    '%'  сдвиг, и переход в состояние 89

    $default  вывод с использованием правила 38 (expr)


состояние 113

   32 expr: expr . '?' expr ':' expr
   33     | expr . OR expr
   34     | expr . AND expr
   35     | expr . '|' expr
   36     | expr . '^' expr
   37     | expr . '&' expr
   38     | expr . EQ expr
   39     | expr . NE expr
   40     | expr . '<' expr
   40     | expr '<' expr .
   41     | expr . LE expr
   42     | expr . '>' expr
   43     | expr . GE expr
   44     | expr . SHL expr
   45     | expr . SHR expr
   46     | expr . '+' expr
   47     | expr . '-' expr
   48     | expr . '*' expr
   49     | expr . '/' expr
   50     | expr . '%' expr

    SHR  сдвиг, и переход в состояние 83
    SHL  сдвиг, и переход в состояние 84
    '+'  сдвиг, и переход в состояние 85
    '-'  сдвиг, и переход в состояние 86
    '*'  сдвиг, и переход в состояние 87
    '/'  сдвиг, и переход в состояние 88
    '%'  сдвиг, и переход в состояние 89

    $default  вывод с использованием правила 40 (expr)


состояние 114

   32 expr: expr . '?' expr ':' expr
   33     | expr . OR expr
   34     | expr . AND expr
   35     | expr . '|' expr
   36     | expr . '^' expr
   37     | expr . '&' expr
   38     | expr . EQ expr
   39     | expr . NE expr
   40     | expr . '<' expr
   41     | expr . LE expr
   42     | expr . '>' expr
   42     | expr '>' expr .
   43     | expr . GE expr
   44     | expr . SHL expr
   45     | expr . SHR expr
   46     | expr . '+' expr
   47     | expr . '-' expr
   48     | expr . '*' expr
   49     | expr . '/' expr
   50     | expr . '%' expr

    SHR  сдвиг, и переход в состояние 83
    SHL  сдвиг, и переход в состояние 84
    '+'  сдвиг, и переход в состояние 85
    '-'  сдвиг, и переход в состояние 86
    '*'  сдвиг, и переход в состояние 87
    '/'  сдвиг, и переход в состояние 88
    '%'  сдвиг, и переход в состояние 89

    $default  вывод с использованием правила 42 (expr)


состояние 115

   32 expr: expr . '?' expr ':' expr
   33     | expr . OR expr
   34     | expr . AND expr
   35     | expr . '|' expr
   36     | expr . '^' expr
   37     | expr . '&' expr
   38     | expr . EQ expr
   39     | expr . NE expr
   40     | expr . '<' expr
   41     | expr . LE expr
   42     | expr . '>' expr
   43     | expr . GE expr
   43     | expr GE expr .
   44     | expr . SHL expr
   45     | expr . SHR expr
   46     | expr . '+' expr
   47     | expr . '-' expr
   48     | expr . '*' expr
   49     | expr . '/' expr
   50     | expr . '%' expr

    SHR  сдвиг, и переход в состояние 83
    SHL  сдвиг, и переход в состояние 84
    '+'  сдвиг, и переход в состояние 85
    '-'  сдвиг, и переход в состояние 86
    '*'  сдвиг, и переход в состояние 87
    '/'  сдвиг, и переход в состояние 88
    '%'  сдвиг, и переход в состояние 89

    $default  вывод с использованием правила 43 (expr)


состояние 116

   32 expr: expr . '?' expr ':' expr
   33     | expr . OR expr
   34     | expr . AND expr
   35     | expr . '|' expr
   36     | expr . '^' expr
   37     | expr . '&' expr
   38     | expr . EQ expr
   39     | expr . NE expr
   40     | expr . '<' expr
   41     | expr . LE expr
   41     | expr LE expr .
   42     | expr . '>' expr
   43     | expr . GE expr
   44     | expr . SHL expr
   45     | expr . SHR expr
   46     | expr . '+' expr
   47     | expr . '-' expr
   48     | expr . '*' expr
   49     | expr . '/' expr
   50     | expr . '%' expr

    SHR  сдвиг, и переход в состояние 83
    SHL  сдвиг, и переход в состояние 84
    '+'  сдвиг, и переход в состояние 85
    '-'  сдвиг, и переход в состояние 86
    '*'  сдвиг, и переход в состояние 87
    '/'  сдвиг, и переход в состояние 88
    '%'  сдвиг, и переход в состояние 89

    $default  вывод с использованием правила 41 (expr)


состояние 117

   32 expr: expr . '?' expr ':' expr
   33     | expr . OR expr
   34     | expr . AND expr
   35     | expr . '|' expr
   36     | expr . '^' expr
   37     | expr . '&' expr
   38     | expr . EQ expr
   39     | expr . NE expr
   40     | expr . '<' expr
   41     | expr . LE expr
   42     | expr . '>' expr
   43     | expr . GE expr
   44     | expr . SHL expr
   45     | expr . SHR expr
   45     | expr SHR expr .
   46     | expr . '+' expr
   47     | expr . '-' expr
   48     | expr . '*' expr
   49     | expr . '/' expr
   50     | expr . '%' expr

    '+'  сдвиг, и переход в состояние 85
    '-'  сдвиг, и переход в состояние 86
    '*'  сдвиг, и переход в состояние 87
    '/'  сдвиг, и переход в состояние 88
    '%'  сдвиг, и переход в состояние 89

    $default  вывод с использованием правила 45 (expr)


состояние 118

   32 expr: expr . '?' expr ':' expr
   33     | expr . OR expr
   34     | expr . AND expr
   35     | expr . '|' expr
   36     | expr . '^' expr
   37     | expr . '&' expr
   38     | expr . EQ expr
   39     | expr . NE expr
   40     | expr . '<' expr
   41     | expr . LE expr
   42     | expr . '>' expr
   43     | expr . GE expr
   44     | expr . SHL expr
   44     | expr SHL expr .
   45     | expr . SHR expr
   46     | expr . '+' expr
   47     | expr . '-' expr
   48     | expr . '*' expr
   49     | expr . '/' expr
   50     | expr . '%' expr

    '+'  сдвиг, и переход в состояние 85
    '-'  сдвиг, и переход в состояние 86
    '*'  сдвиг, и переход в состояние 87
    '/'  сдвиг, и переход в состояние 88
    '%'  сдвиг, и переход в состояние 89

    $default  вывод с использованием правила 44 (expr)


состояние 119

   32 expr: expr . '?' expr ':' expr
   33     | expr . OR expr
   34     | expr . AND expr
   35     | expr . '|' expr
   36     | expr . '^' expr
   37     | expr . '&' expr
   38     | expr . EQ expr
   39     | expr . NE expr
   40     | expr . '<' expr
   41     | expr . LE expr
   42     | expr . '>' expr
   43     | expr . GE expr
   44     | expr . SHL expr
   45     | expr . SHR expr
   46     | expr . '+' expr
   46     | expr '+' expr .
   47     | expr . '-' expr
   48     | expr . '*' expr
   49     | expr . '/' expr
   50     | expr . '%' expr

    '*'  сдвиг, и переход в состояние 87
    '/'  сдвиг, и переход в состояние 88
    '%'  сдвиг, и переход в состояние 89

    $default  вывод с использованием правила 46 (expr)


состояние 120

   32 expr: expr . '?' expr ':' expr
   33     | expr . OR expr
   34     | expr . AND expr
   35     | expr . '|' expr
   36     | expr . '^' expr
   37     | expr . '&' expr
   38     | expr . EQ expr
   39     | expr . NE expr
   40     | expr . '<' expr
   41     | expr . LE expr
   42     | expr . '>' expr
   43     | expr . GE expr
   44     | expr . SHL expr
   45     | expr . SHR expr
   46     | expr . '+' expr
   47     | expr . '-' expr
   47     | expr '-' expr .
   48     | expr . '*' expr
   49     | expr . '/' expr
   50     | expr . '%' expr

    '*'  сдвиг, и переход в состояние 87
    '/'  сдвиг, и переход в состояние 88
    '%'  сдвиг, и переход в состояние 89

    $default  вывод с использованием правила 47 (expr)


состояние 121

   32 expr: expr . '?' expr ':' expr
   33     | expr . OR expr
   34     | expr . AND expr
   35     | expr . '|' expr
   36     | expr . '^' expr
   37     | expr . '&' expr
   38     | expr . EQ expr
   39     | expr . NE expr
   40     | expr . '<' expr
   41     | expr . LE expr
   42     | expr . '>' expr
   43     | expr . GE expr
   44     | expr . SHL expr
   45     | expr . SHR expr
   46     | expr . '+' expr
   47     | expr . '-' expr
   48     | expr . '*' expr
   48     | expr '*' expr .
   49     | expr . '/' expr
   50     | expr . '%' expr

    $default  вывод с использованием правила 48 (expr)


состояние 122

   32 expr: expr . '?' expr ':' expr
   33     | expr . OR expr
   34     | expr . AND expr
   35     | expr . '|' expr
   36     | expr . '^' expr
   37     | expr . '&' expr
   38     | expr . EQ expr
   39     | expr . NE expr
   40     | expr . '<' expr
   41     | expr . LE expr
   42     | expr . '>' expr
   43     | expr . GE expr
   44     | expr . SHL expr
   45     | expr . SHR expr
   46     | expr . '+' expr
   47     | expr . '-' expr
   48     | expr . '*' expr
   49     | expr . '/' expr
   49     | expr '/' expr .
   50     | expr . '%' expr

    $default  вывод с использованием правила 49 (expr)


состояние 123

   32 expr: expr . '?' expr ':' expr
   33     | expr . OR expr
   34     | expr . AND expr
   35     | expr . '|' expr
   36     | expr . '^' expr
   37     | expr . '&' expr
   38     | expr . EQ expr
   39     | expr . NE expr
   40     | expr . '<' expr
   41     | expr . LE expr
   42     | expr . '>' expr
   43     | expr . GE expr
   44     | expr . SHL expr
   45     | expr . SHR expr
   46     | expr . '+' expr
   47     | expr . '-' expr
   48     | expr . '*' expr
   49     | expr . '/' expr
   50     | expr . '%' expr
   50     | expr '%' expr .

    $default  вывод с использованием правила 50 (expr)


состояние 124

    4 defn: IDENT '(' args0N ')' '{' stmt0N . '}'

    '}'  сдвиг, и переход в состояние 134


состояние 125

   55 expr1N: expr ',' expr1N .

    $default  вывод с использованием правила 55 (expr1N)


состояние 126

   59 index0N: '[' expr ']' index0N .

    $default  вывод с использованием правила 59 (index0N)


состояние 127

   22 stmt: IF '(' expr ')' stmt .
   23     | IF '(' expr ')' stmt . ELSE stmt

    ELSE  сдвиг, и переход в состояние 135

    $default  вывод с использованием правила 22 (stmt)


состояние 128

   25 stmt: DO stmt WHILE '(' expr . ')'
   32 expr: expr . '?' expr ':' expr
   33     | expr . OR expr
   34     | expr . AND expr
   35     | expr . '|' expr
   36     | expr . '^' expr
   37     | expr . '&' expr
   38     | expr . EQ expr
   39     | expr . NE expr
   40     | expr . '<' expr
   41     | expr . LE expr
   42     | expr . '>' expr
   43     | expr . GE expr
   44     | expr . SHL expr
   45     | expr . SHR expr
   46     | expr . '+' expr
   47     | expr . '-' expr
   48     | expr . '*' expr
   49     | expr . '/' expr
   50     | expr . '%' expr

    ')'  сдвиг, и переход в состояние 136
    '?'  сдвиг, и переход в состояние 71
    OR   сдвиг, и переход в состояние 72
    AND  сдвиг, и переход в состояние 73
    '|'  сдвиг, и переход в состояние 74
    '^'  сдвиг, и переход в состояние 75
    '&'  сдвиг, и переход в состояние 76
    NE   сдвиг, и переход в состояние 77
    EQ   сдвиг, и переход в состояние 78
    '<'  сдвиг, и переход в состояние 79
    '>'  сдвиг, и переход в состояние 80
    GE   сдвиг, и переход в состояние 81
    LE   сдвиг, и переход в состояние 82
    SHR  сдвиг, и переход в состояние 83
    SHL  сдвиг, и переход в состояние 84
    '+'  сдвиг, и переход в состояние 85
    '-'  сдвиг, и переход в состояние 86
    '*'  сдвиг, и переход в состояние 87
    '/'  сдвиг, и переход в состояние 88
    '%'  сдвиг, и переход в состояние 89


состояние 129

   24 stmt: WHILE '(' expr ')' stmt .

    $default  вывод с использованием правила 24 (stmt)


состояние 130

   66 init1N: init ',' init1N .

    $default  вывод с использованием правила 66 (init1N)


состояние 131

   27 stmt: FOR '(' init0N ';' ';' . init0N ')' stmt

    IDENT  сдвиг, и переход в состояние 6
    DEC    сдвиг, и переход в состояние 14
    INC    сдвиг, и переход в состояние 15

    $default  вывод с использованием правила 68 (init0N)

    lval    переход в состояние 63
    call    переход в состояние 18
    init    переход в состояние 64
    chng    переход в состояние 20
    init1N  переход в состояние 65
    init0N  переход в состояние 137


состояние 132

   26 stmt: FOR '(' init0N ';' expr . ';' init0N ')' stmt
   32 expr: expr . '?' expr ':' expr
   33     | expr . OR expr
   34     | expr . AND expr
   35     | expr . '|' expr
   36     | expr . '^' expr
   37     | expr . '&' expr
   38     | expr . EQ expr
   39     | expr . NE expr
   40     | expr . '<' expr
   41     | expr . LE expr
   42     | expr . '>' expr
   43     | expr . GE expr
   44     | expr . SHL expr
   45     | expr . SHR expr
   46     | expr . '+' expr
   47     | expr . '-' expr
   48     | expr . '*' expr
   49     | expr . '/' expr
   50     | expr . '%' expr

    '?'  сдвиг, и переход в состояние 71
    OR   сдвиг, и переход в состояние 72
    AND  сдвиг, и переход в состояние 73
    '|'  сдвиг, и переход в состояние 74
    '^'  сдвиг, и переход в состояние 75
    '&'  сдвиг, и переход в состояние 76
    NE   сдвиг, и переход в состояние 77
    EQ   сдвиг, и переход в состояние 78
    '<'  сдвиг, и переход в состояние 79
    '>'  сдвиг, и переход в состояние 80
    GE   сдвиг, и переход в состояние 81
    LE   сдвиг, и переход в состояние 82
    SHR  сдвиг, и переход в состояние 83
    SHL  сдвиг, и переход в состояние 84
    '+'  сдвиг, и переход в состояние 85
    '-'  сдвиг, и переход в состояние 86
    '*'  сдвиг, и переход в состояние 87
    '/'  сдвиг, и переход в состояние 88
    '%'  сдвиг, и переход в состояние 89
    ';'  сдвиг, и переход в состояние 138


состояние 133

   32 expr: expr '?' expr ':' . expr

    NUMBER  сдвиг, и переход в состояние 35
    IDENT   сдвиг, и переход в состояние 6
    '-'     сдвиг, и переход в состояние 36
    '!'     сдвиг, и переход в состояние 37
    '~'     сдвиг, и переход в состояние 38
    DEC     сдвиг, и переход в состояние 14
    INC     сдвиг, и переход в состояние 15
    '('     сдвиг, и переход в состояние 39

    lval  переход в состояние 40
    call  переход в состояние 18
    chng  переход в состояние 41
    expr  переход в состояние 139


состояние 134

    4 defn: IDENT '(' args0N ')' '{' stmt0N '}' .

    $default  вывод с использованием правила 4 (defn)


состояние 135

   23 stmt: IF '(' expr ')' stmt ELSE . stmt

    IDENT     сдвиг, и переход в состояние 6
    IF        сдвиг, и переход в состояние 7
    DO        сдвиг, и переход в состояние 8
    WHILE     сдвиг, и переход в состояние 9
    FOR       сдвиг, и переход в состояние 10
    RETURN    сдвиг, и переход в состояние 11
    BREAK     сдвиг, и переход в состояние 12
    CONTINUE  сдвиг, и переход в состояние 13
    DEC       сдвиг, и переход в состояние 14
    INC       сдвиг, и переход в состояние 15
    '{'       сдвиг, и переход в состояние 16

    lval  переход в состояние 17
    call  переход в состояние 18
    init  переход в состояние 19
    chng  переход в состояние 20
    stmt  переход в состояние 140


состояние 136

   25 stmt: DO stmt WHILE '(' expr ')' .

    $default  вывод с использованием правила 25 (stmt)


состояние 137

   27 stmt: FOR '(' init0N ';' ';' init0N . ')' stmt

    ')'  сдвиг, и переход в состояние 141


состояние 138

   26 stmt: FOR '(' init0N ';' expr ';' . init0N ')' stmt

    IDENT  сдвиг, и переход в состояние 6
    DEC    сдвиг, и переход в состояние 14
    INC    сдвиг, и переход в состояние 15

    $default  вывод с использованием правила 68 (init0N)

    lval    переход в состояние 63
    call    переход в состояние 18
    init    переход в состояние 64
    chng    переход в состояние 20
    init1N  переход в состояние 65
    init0N  переход в состояние 142


состояние 139

   32 expr: expr . '?' expr ':' expr
   32     | expr '?' expr ':' expr .
   33     | expr . OR expr
   34     | expr . AND expr
   35     | expr . '|' expr
   36     | expr . '^' expr
   37     | expr . '&' expr
   38     | expr . EQ expr
   39     | expr . NE expr
   40     | expr . '<' expr
   41     | expr . LE expr
   42     | expr . '>' expr
   43     | expr . GE expr
   44     | expr . SHL expr
   45     | expr . SHR expr
   46     | expr . '+' expr
   47     | expr . '-' expr
   48     | expr . '*' expr
   49     | expr . '/' expr
   50     | expr . '%' expr

    '?'  сдвиг, и переход в состояние 71
    OR   сдвиг, и переход в состояние 72
    AND  сдвиг, и переход в состояние 73
    '|'  сдвиг, и переход в состояние 74
    '^'  сдвиг, и переход в состояние 75
    '&'  сдвиг, и переход в состояние 76
    NE   сдвиг, и переход в состояние 77
    EQ   сдвиг, и переход в состояние 78
    '<'  сдвиг, и переход в состояние 79
    '>'  сдвиг, и переход в состояние 80
    GE   сдвиг, и переход в состояние 81
    LE   сдвиг, и переход в состояние 82
    SHR  сдвиг, и переход в состояние 83
    SHL  сдвиг, и переход в состояние 84
    '+'  сдвиг, и переход в состояние 85
    '-'  сдвиг, и переход в состояние 86
    '*'  сдвиг, и переход в состояние 87
    '/'  сдвиг, и переход в состояние 88
    '%'  сдвиг, и переход в состояние 89

    $default  вывод с использованием правила 32 (expr)


состояние 140

   23 stmt: IF '(' expr ')' stmt ELSE stmt .

    $default  вывод с использованием правила 23 (stmt)


состояние 141

   27 stmt: FOR '(' init0N ';' ';' init0N ')' . stmt

    IDENT     сдвиг, и переход в состояние 6
    IF        сдвиг, и переход в состояние 7
    DO        сдвиг, и переход в состояние 8
    WHILE     сдвиг, и переход в состояние 9
    FOR       сдвиг, и переход в состояние 10
    RETURN    сдвиг, и переход в состояние 11
    BREAK     сдвиг, и переход в состояние 12
    CONTINUE  сдвиг, и переход в состояние 13
    DEC       сдвиг, и переход в состояние 14
    INC       сдвиг, и переход в состояние 15
    '{'       сдвиг, и переход в состояние 16

    lval  переход в состояние 17
    call  переход в состояние 18
    init  переход в состояние 19
    chng  переход в состояние 20
    stmt  переход в состояние 143


состояние 142

   26 stmt: FOR '(' init0N ';' expr ';' init0N . ')' stmt

    ')'  сдвиг, и переход в состояние 144


состояние 143

   27 stmt: FOR '(' init0N ';' ';' init0N ')' stmt .

    $default  вывод с использованием правила 27 (stmt)


состояние 144

   26 stmt: FOR '(' init0N ';' expr ';' init0N ')' . stmt

    IDENT     сдвиг, и переход в состояние 6
    IF        сдвиг, и переход в состояние 7
    DO        сдвиг, и переход в состояние 8
    WHILE     сдвиг, и переход в состояние 9
    FOR       сдвиг, и переход в состояние 10
    RETURN    сдвиг, и переход в состояние 11
    BREAK     сдвиг, и переход в состояние 12
    CONTINUE  сдвиг, и переход в состояние 13
    DEC       сдвиг, и переход в состояние 14
    INC       сдвиг, и переход в состояние 15
    '{'       сдвиг, и переход в состояние 16

    lval  переход в состояние 17
    call  переход в состояние 18
    init  переход в состояние 19
    chng  переход в состояние 20
    stmt  переход в состояние 145


состояние 145

   26 stmt: FOR '(' init0N ';' expr ';' init0N ')' stmt .

    $default  вывод с использованием правила 26 (stmt)
